2024-08-13 00:16:29,058 - INFO - Loading settings...
2024-08-13 00:16:29,058 - INFO - Settings loaded successfully.
2024-08-13 00:16:29,058 - INFO - Loading language file for: de
2024-08-13 00:16:29,059 - INFO - Language file loaded successfully.
2024-08-13 00:16:29,059 - INFO - Initializing UI...
2024-08-13 00:16:29,225 - INFO - UI initialized successfully.
2024-08-13 00:16:29,307 - INFO - Adding new segment...
2024-08-13 00:16:29,314 - INFO - Updating segment numbers...
2024-08-13 00:16:29,314 - INFO - Segment numbers updated.
2024-08-13 00:16:29,314 - INFO - Segment 1 added.
2024-08-13 00:16:29,314 - INFO - Adding new segment...
2024-08-13 00:16:29,319 - INFO - Updating segment numbers...
2024-08-13 00:16:29,319 - INFO - Segment numbers updated.
2024-08-13 00:16:29,319 - INFO - Segment 2 added.
2024-08-13 00:16:29,320 - INFO - Starting the application...
2024-08-13 00:16:42,602 - INFO - Preparing to send email...
2024-08-13 00:16:42,787 - INFO - Email client opened successfully.
2024-08-13 00:16:59,555 - INFO - Generating PDF from form data...
2024-08-13 00:16:59,555 - INFO - Creating PDF document at output.pdf...
2024-08-13 00:16:59,567 - INFO - PDF built successfully and saved to output.pdf.
2024-08-13 00:16:59,568 - INFO - PDF generated and saved to output.pdf
2024-08-13 00:17:07,268 - INFO - Application closed.
2024-08-13 00:27:18,474 - INFO - Loading settings...
2024-08-13 00:27:18,475 - INFO - Settings loaded successfully.
2024-08-13 00:27:18,475 - INFO - Loading language file for: sk
2024-08-13 00:27:18,475 - INFO - Language file loaded successfully.
2024-08-13 00:27:18,475 - INFO - Initializing UI...
2024-08-13 00:27:18,788 - INFO - UI initialized successfully.
2024-08-13 00:27:18,886 - INFO - Adding new segment...
2024-08-13 00:27:18,895 - INFO - Updating segment numbers...
2024-08-13 00:27:18,895 - INFO - Segment numbers updated.
2024-08-13 00:27:18,895 - INFO - Segment 1 added.
2024-08-13 00:27:18,895 - INFO - Adding new segment...
2024-08-13 00:27:18,900 - INFO - Updating segment numbers...
2024-08-13 00:27:18,900 - INFO - Segment numbers updated.
2024-08-13 00:27:18,900 - INFO - Segment 2 added.
2024-08-13 00:27:18,901 - INFO - Starting the application...
2024-08-13 00:27:23,112 - INFO - Generating PDF from form data...
2024-08-13 00:27:23,113 - INFO - Creating PDF document at output.pdf...
2024-08-13 00:27:23,128 - INFO - PDF built successfully and saved to output.pdf.
2024-08-13 00:27:23,128 - INFO - PDF generated and saved to output.pdf
2024-08-13 00:27:25,308 - INFO - Application closed.
2024-08-13 00:31:57,192 - INFO - Loading settings...
2024-08-13 00:31:57,193 - INFO - Settings loaded successfully.
2024-08-13 00:31:57,193 - INFO - Loading language file for: sk
2024-08-13 00:31:57,193 - INFO - Language file loaded successfully.
2024-08-13 00:31:57,193 - INFO - Initializing UI...
2024-08-13 00:31:57,629 - INFO - Getting available languages...
2024-08-13 00:31:57,629 - INFO - Available languages: ['de', 'es', 'en', 'sk']
2024-08-13 00:31:57,644 - INFO - Starting the settings application...
2024-08-13 00:31:59,567 - INFO - Preparing to report issue via email...
2024-08-13 00:32:01,108 - INFO - Issue report email prepared.
2024-08-13 00:32:26,451 - INFO - Settings application closed.
2024-08-13 00:32:51,389 - INFO - Loading settings...
2024-08-13 00:32:51,389 - INFO - Settings loaded successfully.
2024-08-13 00:32:51,389 - INFO - Loading language file for: sk
2024-08-13 00:32:51,389 - INFO - Language file loaded successfully.
2024-08-13 00:32:51,389 - INFO - Initializing UI...
2024-08-13 00:32:51,640 - INFO - Getting available languages...
2024-08-13 00:32:51,640 - INFO - Available languages: ['de', 'es', 'en', 'sk']
2024-08-13 00:32:51,652 - INFO - Starting the settings application...
2024-08-13 00:32:55,785 - INFO - Log file opened successfully.
2024-08-13 00:32:59,760 - INFO - Preparing to report issue via email...
2024-08-13 00:33:01,005 - INFO - Issue report email prepared.
2024-08-13 00:33:34,027 - INFO - Preparing to report issue via email...
2024-08-13 00:33:35,396 - INFO - Issue report email prepared.
2024-08-13 00:33:52,277 - INFO - Log file opened successfully.
2024-08-13 00:34:06,051 - INFO - Settings application closed.
2024-08-13 00:36:58,036 - INFO - Loading settings...
2024-08-13 00:36:58,038 - INFO - Settings loaded successfully.
2024-08-13 00:36:58,038 - INFO - Loading language file for: sk
2024-08-13 00:36:58,038 - INFO - Language file loaded successfully.
2024-08-13 00:36:58,038 - INFO - Initializing UI...
2024-08-13 00:36:58,445 - INFO - Getting available languages...
2024-08-13 00:36:58,446 - INFO - Available languages: ['de', 'es', 'en', 'sk']
2024-08-13 00:36:58,464 - INFO - Starting the settings application...
2024-08-13 00:37:00,852 - INFO - Preparing to report issue via email...
2024-08-13 00:37:02,386 - INFO - Issue report email prepared with log content.
2024-08-13 00:37:04,053 - INFO - Settings application closed.
2024-08-13 00:38:40,510 - INFO - Loading settings...
2024-08-13 00:38:40,512 - INFO - Settings loaded successfully.
2024-08-13 00:38:40,512 - INFO - Loading language file for: sk
2024-08-13 00:38:40,512 - INFO - Language file loaded successfully.
2024-08-13 00:38:40,512 - INFO - Initializing UI...
2024-08-13 00:38:40,692 - INFO - UI initialized successfully.
2024-08-13 00:38:40,782 - INFO - Adding new segment...
2024-08-13 00:38:40,790 - INFO - Updating segment numbers...
2024-08-13 00:38:40,790 - INFO - Segment numbers updated.
2024-08-13 00:38:40,790 - INFO - Segment 1 added.
2024-08-13 00:38:40,790 - INFO - Adding new segment...
2024-08-13 00:38:40,795 - INFO - Updating segment numbers...
2024-08-13 00:38:40,795 - INFO - Segment numbers updated.
2024-08-13 00:38:40,795 - INFO - Segment 2 added.
2024-08-13 00:38:40,795 - INFO - Starting the application...
2024-08-13 00:38:44,561 - INFO - Opening settings...
2024-08-13 00:38:44,682 - ERROR - Failed to open settings: Command '['python3', 'settings.py']' returned non-zero exit status 1.
2024-08-13 00:39:09,191 - INFO - Application closed.
2024-08-13 00:40:07,246 - INFO - Loading settings...
2024-08-13 00:40:07,248 - INFO - Settings loaded successfully.
2024-08-13 00:40:07,248 - INFO - Loading language file for: sk
2024-08-13 00:40:07,249 - INFO - Language file loaded successfully.
2024-08-13 00:40:07,249 - INFO - Initializing UI...
2024-08-13 00:40:07,424 - INFO - UI initialized successfully.
2024-08-13 00:40:07,514 - INFO - Adding new segment...
2024-08-13 00:40:07,521 - INFO - Updating segment numbers...
2024-08-13 00:40:07,521 - INFO - Segment numbers updated.
2024-08-13 00:40:07,521 - INFO - Segment 1 added.
2024-08-13 00:40:07,521 - INFO - Adding new segment...
2024-08-13 00:40:07,526 - INFO - Updating segment numbers...
2024-08-13 00:40:07,526 - INFO - Segment numbers updated.
2024-08-13 00:40:07,526 - INFO - Segment 2 added.
2024-08-13 00:40:07,526 - INFO - Starting the application...
2024-08-13 00:40:08,965 - INFO - Opening settings...
2024-08-13 00:40:09,050 - ERROR - Failed to open settings: Command '['python3', 'settings.py']' returned non-zero exit status 1.
2024-08-13 00:40:25,909 - INFO - Application closed.
2024-08-13 00:42:11,357 - INFO - Loading settings...
2024-08-13 00:42:11,358 - INFO - Settings loaded successfully.
2024-08-13 00:42:11,358 - INFO - Loading language file for: sk
2024-08-13 00:42:11,358 - INFO - Language file loaded successfully.
2024-08-13 00:42:11,358 - INFO - Initializing UI...
2024-08-13 00:42:11,535 - INFO - UI initialized successfully.
2024-08-13 00:42:11,625 - INFO - Adding new segment...
2024-08-13 00:42:11,632 - INFO - Updating segment numbers...
2024-08-13 00:42:11,632 - INFO - Segment numbers updated.
2024-08-13 00:42:11,632 - INFO - Segment 1 added.
2024-08-13 00:42:11,633 - INFO - Adding new segment...
2024-08-13 00:42:11,638 - INFO - Updating segment numbers...
2024-08-13 00:42:11,638 - INFO - Segment numbers updated.
2024-08-13 00:42:11,638 - INFO - Segment 2 added.
2024-08-13 00:42:11,639 - INFO - Starting the application...
2024-08-13 00:42:13,577 - INFO - Opening settings...
2024-08-13 00:42:13,671 - ERROR - Failed to open settings: Command '['python3', '/Users/samuellabant/Documents/Documents/Programovanie/Code review/settings.py']' returned non-zero exit status 1.
2024-08-13 00:42:32,729 - INFO - Application closed.
2024-08-13 00:42:34,652 - INFO - Loading settings...
2024-08-13 00:42:34,652 - INFO - Settings loaded successfully.
2024-08-13 00:42:34,653 - INFO - Loading language file for: sk
2024-08-13 00:42:34,653 - INFO - Language file loaded successfully.
2024-08-13 00:42:34,653 - INFO - Initializing UI...
2024-08-13 00:42:34,790 - INFO - UI initialized successfully.
2024-08-13 00:42:34,867 - INFO - Adding new segment...
2024-08-13 00:42:34,874 - INFO - Updating segment numbers...
2024-08-13 00:42:34,874 - INFO - Segment numbers updated.
2024-08-13 00:42:34,874 - INFO - Segment 1 added.
2024-08-13 00:42:34,874 - INFO - Adding new segment...
2024-08-13 00:42:34,880 - INFO - Updating segment numbers...
2024-08-13 00:42:34,880 - INFO - Segment numbers updated.
2024-08-13 00:42:34,880 - INFO - Segment 2 added.
2024-08-13 00:42:34,881 - INFO - Starting the application...
2024-08-13 00:42:36,171 - INFO - Opening settings...
2024-08-13 00:42:36,196 - ERROR - An unexpected error occurred: [Errno 2] No such file or directory: 'python'
2024-08-13 00:42:38,198 - INFO - Application closed.
2024-08-13 00:44:29,544 - INFO - Loading settings...
2024-08-13 00:44:29,544 - INFO - Settings loaded successfully.
2024-08-13 00:44:29,544 - INFO - Loading language file for: sk
2024-08-13 00:44:29,545 - INFO - Language file loaded successfully.
2024-08-13 00:44:29,545 - INFO - Initializing UI...
2024-08-13 00:44:29,727 - INFO - UI initialized successfully.
2024-08-13 00:44:29,816 - INFO - Adding new segment...
2024-08-13 00:44:29,823 - INFO - Updating segment numbers...
2024-08-13 00:44:29,823 - INFO - Segment numbers updated.
2024-08-13 00:44:29,823 - INFO - Segment 1 added.
2024-08-13 00:44:29,823 - INFO - Adding new segment...
2024-08-13 00:44:29,828 - INFO - Updating segment numbers...
2024-08-13 00:44:29,828 - INFO - Segment numbers updated.
2024-08-13 00:44:29,828 - INFO - Segment 2 added.
2024-08-13 00:44:29,828 - INFO - Starting the application...
2024-08-13 00:44:31,440 - INFO - Opening settings...
2024-08-13 00:44:31,623 - INFO - Loading settings...
2024-08-13 00:44:31,623 - INFO - Settings loaded successfully.
2024-08-13 00:44:31,623 - INFO - Loading language file for: sk
2024-08-13 00:44:31,623 - INFO - Language file loaded successfully.
2024-08-13 00:44:31,623 - INFO - Initializing UI...
2024-08-13 00:44:31,801 - INFO - Getting available languages...
2024-08-13 00:44:31,801 - INFO - Available languages: ['de', 'es', 'en', 'sk']
2024-08-13 00:44:31,810 - INFO - Starting the settings application...
2024-08-13 00:44:38,295 - INFO - Settings application closed.
2024-08-13 00:44:38,311 - INFO - Settings opened successfully.
2024-08-13 00:44:40,511 - INFO - Application closed.
